#
# A fatal error has been detected by the Java Runtime Environment:
#
#  SIGSEGV (0xb) at pc=0x0000000106688d90, pid=843, tid=0x0000000000002d03
#
# JRE version: Java(TM) SE Runtime Environment (8.0_181-b13) (build 1.8.0_181-b13)
# Java VM: Java HotSpot(TM) 64-Bit Server VM (25.181-b13 mixed mode bsd-amd64 compressed oops)
# Problematic frame:
# V  [libjvm.dylib+0x288d90]
#
# Failed to write core dump. Core dumps have been disabled. To enable core dumping, try "ulimit -c unlimited" before starting Java again
#
# If you would like to submit a bug report, please visit:
#   http://bugreport.java.com/bugreport/crash.jsp
#

---------------  T H R E A D  ---------------

Current thread (0x00007fa083833800):  VMThread [stack: 0x0000700002bbb000,0x0000700002cbb000] [id=11523]

siginfo: si_signo: 11 (SIGSEGV), si_code: 1 (SEGV_MAPERR), si_addr: 0x0000000000000008

Registers:
RAX=0x0000000000000000, RBX=0x0000000000000000, RCX=0x0000000000000000, RDX=0x0000000000000000
RSP=0x0000700002cba4c0, RBP=0x0000700002cba510, RSI=0x0000000000000000, RDI=0x000000011b853530
R8 =0x0000000000000000, R9 =0x000000008a000000, R10=0x000000000000000f, R11=0xffffffffffffffd0
R12=0x0000700002cba6d8, R13=0x000000011b853530, R14=0x0000000000000001, R15=0x0000000000000001
RIP=0x0000000106688d90, EFLAGS=0x0000000000010246, ERR=0x0000000000000004
  TRAPNO=0x000000000000000e

Top of Stack: (sp=0x0000700002cba4c0)
0x0000700002cba4c0:   0000700002cba4e0 00000001069ad142
0x0000700002cba4d0:   0000700002cba528 0000700002cba6d8
0x0000700002cba4e0:   0000700002cba510 00007fa0834091a0
0x0000700002cba4f0:   0000700002cba528 000000011b853c40
0x0000700002cba500:   0000700002cba6d8 0000000000000027
0x0000700002cba510:   0000700002cba590 000000010668a7ec
0x0000700002cba520:   0000700002cba5c0 0000700002cba560
0x0000700002cba530:   000000011b853c40 00007fa083833800
0x0000700002cba540:   0000000300000000 000000b200000027
0x0000700002cba550:   000000b202cb0000 000000011b853c40
0x0000700002cba560:   00007fa083833800 000000011b853c40
0x0000700002cba570:   0000700002cba6d8 000000011b853c40
0x0000700002cba580:   0000000000000000 0000000000000028
0x0000700002cba590:   0000700002cba5c0 000000010668aa3b
0x0000700002cba5a0:   0000700002cba5c0 0000700002cba6d8
0x0000700002cba5b0:   0000700002cba6d8 000000011b853c40
0x0000700002cba5c0:   0000700002cba5e0 000000010668afd2
0x0000700002cba5d0:   0000700002cba6d8 00007fa083833800
0x0000700002cba5e0:   0000700002cba670 000000010668b3eb
0x0000700002cba5f0:   0000000106a20000 0000000000000000
0x0000700002cba600:   0000000106a2ec5a 0000000000000000
0x0000700002cba610:   0000000000000000 0000000400000100
0x0000700002cba620:   0000000000000000 0000000106a1b982
0x0000700002cba630:   0000000000000000 0000000000000000
0x0000700002cba640:   000000011b853c40 00007fa083833800
0x0000700002cba650:   000000011b853c40 0000700002cba6d8
0x0000700002cba660:   00007fa083833800 00007fa08343c030
0x0000700002cba670:   0000700002cba6c0 0000000106885331
0x0000700002cba680:   00007fa083519bd0 00007fa0834090e0
0x0000700002cba690:   00007fa0834090f0 00007fa0834094c8
0x0000700002cba6a0:   00000000000003d8 000000000000000b
0x0000700002cba6b0:   0000700002cba868 00007fa08343c030 

Instructions: (pc=0x0000000106688d90)
0x0000000106688d70:   68 08 31 d2 4c 89 ef 89 ce e8 ce 98 f5 ff 4c 89
0x0000000106688d80:   ef 89 c6 e8 aa 97 f5 ff 48 63 c0 49 8b 44 c5 50
0x0000000106688d90:   8a 40 08 3c 5a 7f 2b 3c 44 74 1e 3c 4a 74 1a 3c
0x0000000106688da0:   4c 74 23 3c 56 48 8d 05 74 b9 68 00 48 8d 1d fd 

Register to memory mapping:

RAX=0x0000000000000000 is an unknown value
RBX=0x0000000000000000 is an unknown value
RCX=0x0000000000000000 is an unknown value
RDX=0x0000000000000000 is an unknown value
RSP=0x0000700002cba4c0 is an unknown value
RBP=0x0000700002cba510 is an unknown value
RSI=0x0000000000000000 is an unknown value
RDI=0x000000011b853530 is pointing into metadata
R8 =0x0000000000000000 is an unknown value
R9 =0x000000008a000000 is an unknown value
R10=0x000000000000000f is an unknown value
R11=0xffffffffffffffd0 is an unknown value
R12=0x0000700002cba6d8 is an unknown value
R13=0x000000011b853530 is pointing into metadata
R14=0x0000000000000001 is an unknown value
R15=0x0000000000000001 is an unknown value


Stack: [0x0000700002bbb000,0x0000700002cbb000],  sp=0x0000700002cba4c0,  free space=1021k
Native frames: (J=compiled Java code, j=interpreted, Vv=VM code, C=native code)
V  [libjvm.dylib+0x288d90]
V  [libjvm.dylib+0x28a7ec]
V  [libjvm.dylib+0x28aa3b]
V  [libjvm.dylib+0x28afd2]
V  [libjvm.dylib+0x28b3eb]
V  [libjvm.dylib+0x485331]
V  [libjvm.dylib+0x48553a]
V  [libjvm.dylib+0x48571b]
V  [libjvm.dylib+0x4859d2]
V  [libjvm.dylib+0x2c2b04]
V  [libjvm.dylib+0x45306d]
V  [libjvm.dylib+0x39afbf]
V  [libjvm.dylib+0x5bd499]
V  [libjvm.dylib+0x5bba31]
V  [libjvm.dylib+0x5bbe7e]
V  [libjvm.dylib+0x5bb79d]
V  [libjvm.dylib+0x48e342]
C  [libsystem_pthread.dylib+0x3661]  _pthread_body+0x154
C  [libsystem_pthread.dylib+0x350d]  _pthread_body+0x0
C  [libsystem_pthread.dylib+0x2bf9]  thread_start+0xd

VM_Operation (0x0000700003149958): GetOrSetLocal, mode: safepoint, requested by thread 0x00007fa085050800


---------------  P R O C E S S  ---------------

Java Threads: ( => current thread )
  0x00007fa08383c000 JavaThread "Service Thread" daemon [_thread_blocked, id=16131, stack(0x000070000365c000,0x000070000375c000)]
  0x00007fa083829000 JavaThread "C1 CompilerThread2" daemon [_thread_blocked, id=14339, stack(0x0000700003559000,0x0000700003659000)]
  0x00007fa08506b000 JavaThread "C2 CompilerThread1" daemon [_thread_blocked, id=16899, stack(0x0000700003456000,0x0000700003556000)]
  0x00007fa08402e800 JavaThread "C2 CompilerThread0" daemon [_thread_blocked, id=14083, stack(0x0000700003353000,0x0000700003453000)]
  0x00007fa084028800 JavaThread "JDWP Command Reader" daemon [_thread_in_native, id=17667, stack(0x0000700003250000,0x0000700003350000)]
  0x00007fa084029800 JavaThread "JDWP Event Helper Thread" daemon [_thread_blocked, id=18179, stack(0x000070000314d000,0x000070000324d000)]
  0x00007fa085050800 JavaThread "JDWP Transport Listener: dt_socket" daemon [_thread_blocked, id=13831, stack(0x000070000304a000,0x000070000314a000)]
  0x00007fa084031800 JavaThread "Signal Dispatcher" daemon [_thread_blocked, id=18699, stack(0x0000700002f47000,0x0000700003047000)]
  0x00007fa08504f800 JavaThread "Finalizer" daemon [_thread_blocked, id=21251, stack(0x0000700002dc1000,0x0000700002ec1000)]
  0x00007fa085005000 JavaThread "Reference Handler" daemon [_thread_blocked, id=12035, stack(0x0000700002cbe000,0x0000700002dbe000)]
  0x00007fa083808800 JavaThread "main" [_thread_blocked, id=9731, stack(0x00007000026ac000,0x00007000027ac000)]

Other Threads:
=>0x00007fa083833800 VMThread [stack: 0x0000700002bbb000,0x0000700002cbb000] [id=11523]
  0x00007fa084894800 WatcherThread [stack: 0x000070000375f000,0x000070000385f000] [id=15875]

VM state:at safepoint (normal execution)

VM Mutex/Monitor currently owned by a thread:  ([mutex/lock_event])
[0x00007fa083703bd0] Threads_lock - owner thread: 0x00007fa083833800

Heap:
 PSYoungGen      total 38400K, used 4669K [0x0000000795580000, 0x0000000798000000, 0x00000007c0000000)
  eden space 33280K, 14% used [0x0000000795580000,0x0000000795a0f670,0x0000000797600000)
  from space 5120K, 0% used [0x0000000797b00000,0x0000000797b00000,0x0000000798000000)
  to   space 5120K, 0% used [0x0000000797600000,0x0000000797600000,0x0000000797b00000)
 ParOldGen       total 87552K, used 0K [0x0000000740000000, 0x0000000745580000, 0x0000000795580000)
  object space 87552K, 0% used [0x0000000740000000,0x0000000740000000,0x0000000745580000)
 Metaspace       used 3814K, capacity 4704K, committed 4864K, reserved 1056768K
  class space    used 422K, capacity 464K, committed 512K, reserved 1048576K

Card table byte_map: [0x0000000107774000,0x0000000107b75000] byte_map_base: 0x0000000103d74000

Marking Bits: (ParMarkBitMap*) 0x0000000106cf9cd0
 Begin Bits: [0x0000000107e20000, 0x0000000109e20000)
 End Bits:   [0x0000000109e20000, 0x000000010be20000)

Polling page: 0x0000000105abf000

CodeCache: size=245760Kb used=1292Kb max_used=1292Kb free=244467Kb
 bounds [0x000000010c043000, 0x000000010c2b3000, 0x000000011b043000]
 total_blobs=333 nmethods=89 adapters=166
 compilation: enabled

Compilation events (10 events):
Event: 0.297 Thread 0x00007fa083829000   85       1       java.net.URL::getProtocol (5 bytes)
Event: 0.297 Thread 0x00007fa083829000 nmethod 85 0x000000010c184d90 code [0x000000010c184ee0, 0x000000010c184ff0]
Event: 30.687 Thread 0x00007fa083829000   86       3       java.lang.AbstractStringBuilder::<init> (12 bytes)
Event: 30.688 Thread 0x00007fa083829000 nmethod 86 0x000000010c185050 code [0x000000010c1851c0, 0x000000010c185410]
Event: 35.751 Thread 0x00007fa083829000   87       3       java.lang.AbstractStringBuilder::newCapacity (39 bytes)
Event: 35.752 Thread 0x00007fa083829000 nmethod 87 0x000000010c1854d0 code [0x000000010c185660, 0x000000010c185a68]
Event: 57.105 Thread 0x00007fa083829000   88       3       java.lang.StringBuilder::toString (17 bytes)
Event: 57.105 Thread 0x00007fa083829000 nmethod 88 0x000000010c185c10 code [0x000000010c185d80, 0x000000010c185f88]
Event: 57.105 Thread 0x00007fa083829000   89       3       java.lang.StringBuilder::<init> (7 bytes)
Event: 57.106 Thread 0x00007fa083829000 nmethod 89 0x000000010c186050 code [0x000000010c1861c0, 0x000000010c186470]

GC Heap History (0 events):
No events

Deoptimization events (0 events):
No events

Classes redefined (6 events):
Event: 57.085 Thread 0x00007fa083833800 redefined class name=Menu, count=1
Event: 112.519 Thread 0x00007fa083833800 redefined class name=Main, count=1
Event: 112.520 Thread 0x00007fa083833800 redefined class name=Menu, count=2
Event: 413.573 Thread 0x00007fa083833800 redefined class name=Main, count=2
Event: 413.573 Thread 0x00007fa083833800 redefined class name=Menu, count=3
Event: 413.573 Thread 0x00007fa083833800 redefined class name=AddStudentDetails, count=1

Internal exceptions (6 events):
Event: 0.037 Thread 0x00007fa083808800 Exception <a 'java/lang/NoSuchMethodError': Method sun.misc.Unsafe.defineClass(Ljava/lang/String;[BII)Ljava/lang/Class; name or signature does not match> (0x0000000795587cb0) thrown at [/Users/java_re/workspace/8-2-build-macosx-x86_64/jdk8u181/11358/hotsp
Event: 0.037 Thread 0x00007fa083808800 Exception <a 'java/lang/NoSuchMethodError': Method sun.misc.Unsafe.prefetchRead(Ljava/lang/Object;J)V name or signature does not match> (0x0000000795587f98) thrown at [/Users/java_re/workspace/8-2-build-macosx-x86_64/jdk8u181/11358/hotspot/src/share/vm/pr
Event: 0.280 Thread 0x00007fa083808800 Exception <a 'java/security/PrivilegedActionException'> (0x0000000795983a88) thrown at [/Users/java_re/workspace/8-2-build-macosx-x86_64/jdk8u181/11358/hotspot/src/share/vm/prims/jvm.cpp, line 1435]
Event: 0.280 Thread 0x00007fa083808800 Exception <a 'java/security/PrivilegedActionException'> (0x0000000795983e80) thrown at [/Users/java_re/workspace/8-2-build-macosx-x86_64/jdk8u181/11358/hotspot/src/share/vm/prims/jvm.cpp, line 1435]
Event: 0.281 Thread 0x00007fa083808800 Exception <a 'java/security/PrivilegedActionException'> (0x0000000795987398) thrown at [/Users/java_re/workspace/8-2-build-macosx-x86_64/jdk8u181/11358/hotspot/src/share/vm/prims/jvm.cpp, line 1435]
Event: 0.281 Thread 0x00007fa083808800 Exception <a 'java/security/PrivilegedActionException'> (0x0000000795987790) thrown at [/Users/java_re/workspace/8-2-build-macosx-x86_64/jdk8u181/11358/hotspot/src/share/vm/prims/jvm.cpp, line 1435]

Events (10 events):
Event: 746.385 Executing VM operation: ChangeBreakpoints done
Event: 746.405 Executing VM operation: ChangeBreakpoints
Event: 746.405 Executing VM operation: ChangeBreakpoints done
Event: 983.857 Executing VM operation: ChangeBreakpoints
Event: 983.857 Executing VM operation: ChangeBreakpoints done
Event: 1723.974 Executing VM operation: ChangeBreakpoints
Event: 1723.974 Executing VM operation: ChangeBreakpoints done
Event: 1723.974 Executing VM operation: ChangeBreakpoints
Event: 1723.974 Executing VM operation: ChangeBreakpoints done
Event: 1723.978 Executing VM operation: GetOrSetLocal


Dynamic libraries:
0x00007fff472de000 	/System/Library/Frameworks/Cocoa.framework/Versions/A/Cocoa
0x00007fff538eb000 	/System/Library/Frameworks/Security.framework/Versions/A/Security
0x00007fff45f21000 	/System/Library/Frameworks/ApplicationServices.framework/Versions/A/ApplicationServices
0x00007fff6f714000 	/usr/lib/libz.1.dylib
0x00007fff6d646000 	/usr/lib/libSystem.B.dylib
0x00007fff6ecfe000 	/usr/lib/libobjc.A.dylib
0x00007fff47a95000 	/System/Library/Frameworks/CoreFoundation.framework/Versions/A/CoreFoundation
0x00007fff49bf6000 	/System/Library/Frameworks/Foundation.framework/Versions/C/Foundation
0x00007fff45071000 	/System/Library/Frameworks/AppKit.framework/Versions/C/AppKit
0x00007fff47656000 	/System/Library/Frameworks/CoreData.framework/Versions/A/CoreData
0x00007fff66f90000 	/System/Library/PrivateFrameworks/RemoteViewServices.framework/Versions/A/RemoteViewServices
0x00007fff6b6eb000 	/System/Library/PrivateFrameworks/UIFoundation.framework/Versions/A/UIFoundation
0x00007fff5bda1000 	/System/Library/PrivateFrameworks/DFRFoundation.framework/Versions/A/DFRFoundation
0x00007fff4c260000 	/System/Library/Frameworks/Metal.framework/Versions/A/Metal
0x00007fff5bf3e000 	/System/Library/PrivateFrameworks/DesktopServicesPriv.framework/Versions/A/DesktopServicesPriv
0x00007fff6e24c000 	/usr/lib/libenergytrace.dylib
0x00007fff69757000 	/System/Library/PrivateFrameworks/SkyLight.framework/Versions/A/SkyLight
0x00007fff47f38000 	/System/Library/Frameworks/CoreGraphics.framework/Versions/A/CoreGraphics
0x00007fff6d641000 	/usr/lib/libScreenReader.dylib
0x00007fff4400c000 	/System/Library/Frameworks/Accelerate.framework/Versions/A/Accelerate
0x00007fff4a36f000 	/System/Library/Frameworks/IOSurface.framework/Versions/A/IOSurface
0x00007fff4646b000 	/System/Library/Frameworks/AudioToolbox.framework/Versions/A/AudioToolbox
0x00007fff466fa000 	/System/Library/Frameworks/AudioUnit.framework/Versions/A/AudioUnit
0x00007fff5be39000 	/System/Library/PrivateFrameworks/DataDetectorsCore.framework/Versions/A/DataDetectorsCore
0x00007fff46dd1000 	/System/Library/Frameworks/Carbon.framework/Versions/A/Frameworks/HIToolbox.framework/Versions/A/HIToolbox
0x00007fff6e3a6000 	/usr/lib/libicucore.A.dylib
0x00007fff52e6b000 	/System/Library/Frameworks/QuartzCore.framework/Versions/A/QuartzCore
0x00007fff68a0d000 	/System/Library/PrivateFrameworks/SignpostNotification.framework/Versions/A/SignpostNotification
0x00007fff471b7000 	/System/Library/Frameworks/Carbon.framework/Versions/A/Frameworks/SpeechRecognition.framework/Versions/A/SpeechRecognition
0x00007fff6d7a2000 	/usr/lib/libauto.dylib
0x00007fff6f603000 	/usr/lib/libxml2.2.dylib
0x00007fff5b9f2000 	/System/Library/PrivateFrameworks/CoreUI.framework/Versions/A/CoreUI
0x00007fff47532000 	/System/Library/Frameworks/CoreAudio.framework/Versions/A/CoreAudio
0x00007fff49a30000 	/System/Library/Frameworks/DiskArbitration.framework/Versions/A/DiskArbitration
0x00007fff6e61a000 	/usr/lib/liblangid.dylib
0x00007fff63499000 	/System/Library/PrivateFrameworks/MultitouchSupport.framework/Versions/A/MultitouchSupport
0x00007fff4a2d2000 	/System/Library/Frameworks/IOKit.framework/Versions/A/IOKit
0x00007fff6d2d0000 	/usr/lib/libDiagnosticMessagesClient.dylib
0x00007fff48c0e000 	/System/Library/Frameworks/CoreServices.framework/Versions/A/CoreServices
0x00007fff64fc9000 	/System/Library/PrivateFrameworks/PerformanceAnalysis.framework/Versions/A/PerformanceAnalysis
0x00007fff5200d000 	/System/Library/Frameworks/OpenGL.framework/Versions/A/OpenGL
0x00007fff472ec000 	/System/Library/Frameworks/ColorSync.framework/Versions/A/ColorSync
0x00007fff4854a000 	/System/Library/Frameworks/CoreImage.framework/Versions/A/CoreImage
0x00007fff4959e000 	/System/Library/Frameworks/CoreText.framework/Versions/A/CoreText
0x00007fff4a3cd000 	/System/Library/Frameworks/ImageIO.framework/Versions/A/ImageIO
0x00007fff586f0000 	/System/Library/PrivateFrameworks/Backup.framework/Versions/A/Backup
0x00007fff6d6f2000 	/usr/lib/libarchive.2.dylib
0x00007fff46a1d000 	/System/Library/Frameworks/CFNetwork.framework/Versions/A/CFNetwork
0x00007fff5407c000 	/System/Library/Frameworks/SystemConfiguration.framework/Versions/A/SystemConfiguration
0x00007fff6d1f9000 	/usr/lib/libCRFSuite.dylib
0x00007fff6d87b000 	/usr/lib/libc++.1.dylib
0x00007fff6d8d2000 	/usr/lib/libc++abi.dylib
0x00007fff6f7c2000 	/usr/lib/system/libcache.dylib
0x00007fff6f7c7000 	/usr/lib/system/libcommonCrypto.dylib
0x00007fff6f7d2000 	/usr/lib/system/libcompiler_rt.dylib
0x00007fff6f7da000 	/usr/lib/system/libcopyfile.dylib
0x00007fff6f7e4000 	/usr/lib/system/libcorecrypto.dylib
0x00007fff6f8f1000 	/usr/lib/system/libdispatch.dylib
0x00007fff6f92b000 	/usr/lib/system/libdyld.dylib
0x00007fff6f949000 	/usr/lib/system/libkeymgr.dylib
0x00007fff6f957000 	/usr/lib/system/liblaunch.dylib
0x00007fff6f958000 	/usr/lib/system/libmacho.dylib
0x00007fff6f95d000 	/usr/lib/system/libquarantine.dylib
0x00007fff6f960000 	/usr/lib/system/libremovefile.dylib
0x00007fff6f962000 	/usr/lib/system/libsystem_asl.dylib
0x00007fff6f97a000 	/usr/lib/system/libsystem_blocks.dylib
0x00007fff6f97b000 	/usr/lib/system/libsystem_c.dylib
0x00007fff6fa05000 	/usr/lib/system/libsystem_configuration.dylib
0x00007fff6fa09000 	/usr/lib/system/libsystem_coreservices.dylib
0x00007fff6fa0d000 	/usr/lib/system/libsystem_darwin.dylib
0x00007fff6fa0f000 	/usr/lib/system/libsystem_dnssd.dylib
0x00007fff6fa16000 	/usr/lib/system/libsystem_info.dylib
0x00007fff6fa87000 	/usr/lib/system/libsystem_m.dylib
0x00007fff6fad3000 	/usr/lib/system/libsystem_malloc.dylib
0x00007fff6faf3000 	/usr/lib/system/libsystem_network.dylib
0x00007fff6fc24000 	/usr/lib/system/libsystem_networkextension.dylib
0x00007fff6fc2f000 	/usr/lib/system/libsystem_notify.dylib
0x00007fff6fc4d000 	/usr/lib/system/libsystem_sandbox.dylib
0x00007fff6fc51000 	/usr/lib/system/libsystem_secinit.dylib
0x00007fff6fa60000 	/usr/lib/system/libsystem_kernel.dylib
0x00007fff6fc39000 	/usr/lib/system/libsystem_platform.dylib
0x00007fff6fc41000 	/usr/lib/system/libsystem_pthread.dylib
0x00007fff6fc53000 	/usr/lib/system/libsystem_symptoms.dylib
0x00007fff6fc5b000 	/usr/lib/system/libsystem_trace.dylib
0x00007fff6fc70000 	/usr/lib/system/libunwind.dylib
0x00007fff6fc76000 	/usr/lib/system/libxpc.dylib
0x00007fff6d10c000 	/usr/lib/closure/libclosured.dylib
0x00007fff6d85c000 	/usr/lib/libbsm.0.dylib
0x00007fff6f94a000 	/usr/lib/system/libkxld.dylib
0x00007fff6d50a000 	/usr/lib/libOpenScriptingUtil.dylib
0x00007fff6dbcb000 	/usr/lib/libcoretls.dylib
0x00007fff6dbe4000 	/usr/lib/libcoretls_cfhelpers.dylib
0x00007fff6f0ff000 	/usr/lib/libpam.2.dylib
0x00007fff6f226000 	/usr/lib/libsqlite3.dylib
0x00007fff6f5f2000 	/usr/lib/libxar.1.dylib
0x00007fff6d86d000 	/usr/lib/libbz2.1.0.dylib
0x00007fff6e61c000 	/usr/lib/liblzma.5.dylib
0x00007fff6eafd000 	/usr/lib/libnetwork.dylib
0x00007fff6d6db000 	/usr/lib/libapple_nghttp2.dylib
0x00007fff6f106000 	/usr/lib/libpcap.A.dylib
0x00007fff6d7a3000 	/usr/lib/libboringssl.dylib
0x00007fff6f58d000 	/usr/lib/libusrtcp.dylib
0x00007fff6d6da000 	/usr/lib/libapple_crypto.dylib
0x00007fff48f91000 	/System/Library/Frameworks/CoreServices.framework/Versions/A/Frameworks/FSEvents.framework/Versions/A/FSEvents
0x00007fff48c84000 	/System/Library/Frameworks/CoreServices.framework/Versions/A/Frameworks/CarbonCore.framework/Versions/A/CarbonCore
0x00007fff49158000 	/System/Library/Frameworks/CoreServices.framework/Versions/A/Frameworks/Metadata.framework/Versions/A/Metadata
0x00007fff49209000 	/System/Library/Frameworks/CoreServices.framework/Versions/A/Frameworks/OSServices.framework/Versions/A/OSServices
0x00007fff4926a000 	/System/Library/Frameworks/CoreServices.framework/Versions/A/Frameworks/SearchKit.framework/Versions/A/SearchKit
0x00007fff48c0f000 	/System/Library/Frameworks/CoreServices.framework/Versions/A/Frameworks/AE.framework/Versions/A/AE
0x00007fff48f9a000 	/System/Library/Frameworks/CoreServices.framework/Versions/A/Frameworks/LaunchServices.framework/Versions/A/LaunchServices
0x00007fff48f5c000 	/System/Library/Frameworks/CoreServices.framework/Versions/A/Frameworks/DictionaryServices.framework/Versions/A/DictionaryServices
0x00007fff492d9000 	/System/Library/Frameworks/CoreServices.framework/Versions/A/Frameworks/SharedFileList.framework/Versions/A/SharedFileList
0x00007fff4d496000 	/System/Library/Frameworks/NetFS.framework/Versions/A/NetFS
0x00007fff6372a000 	/System/Library/PrivateFrameworks/NetAuth.framework/Versions/A/NetAuth
0x00007fff6cfa3000 	/System/Library/PrivateFrameworks/login.framework/Versions/A/Frameworks/loginsupport.framework/Versions/A/loginsupport
0x00007fff6b368000 	/System/Library/PrivateFrameworks/TCC.framework/Versions/A/TCC
0x00007fff6e6fd000 	/usr/lib/libmecabra.dylib
0x00007fff45f22000 	/System/Library/Frameworks/ApplicationServices.framework/Versions/A/Frameworks/ATS.framework/Versions/A/ATS
0x00007fff462d0000 	/System/Library/Frameworks/ApplicationServices.framework/Versions/A/Frameworks/ColorSyncLegacy.framework/Versions/A/ColorSyncLegacy
0x00007fff46374000 	/System/Library/Frameworks/ApplicationServices.framework/Versions/A/Frameworks/HIServices.framework/Versions/A/HIServices
0x00007fff463c7000 	/System/Library/Frameworks/ApplicationServices.framework/Versions/A/Frameworks/LangAnalysis.framework/Versions/A/LangAnalysis
0x00007fff463d6000 	/System/Library/Frameworks/ApplicationServices.framework/Versions/A/Frameworks/PrintCore.framework/Versions/A/PrintCore
0x00007fff46423000 	/System/Library/Frameworks/ApplicationServices.framework/Versions/A/Frameworks/QD.framework/Versions/A/QD
0x00007fff4645e000 	/System/Library/Frameworks/ApplicationServices.framework/Versions/A/Frameworks/SpeechSynthesis.framework/Versions/A/SpeechSynthesis
0x00007fff479ad000 	/System/Library/Frameworks/CoreDisplay.framework/Versions/A/CoreDisplay
0x00007fff44024000 	/System/Library/Frameworks/Accelerate.framework/Versions/A/Frameworks/vImage.framework/Versions/A/vImage
0x00007fff44d7e000 	/System/Library/Frameworks/Accelerate.framework/Versions/A/Frameworks/vecLib.framework/Versions/A/vecLib
0x00007fff44b1e000 	/System/Library/Frameworks/Accelerate.framework/Versions/A/Frameworks/vecLib.framework/Versions/A/libvDSP.dylib
0x00007fff4467e000 	/System/Library/Frameworks/Accelerate.framework/Versions/A/Frameworks/vecLib.framework/Versions/A/libBNNS.dylib
0x00007fff44a83000 	/System/Library/Frameworks/Accelerate.framework/Versions/A/Frameworks/vecLib.framework/Versions/A/libQuadrature.dylib
0x00007fff44ccc000 	/System/Library/Frameworks/Accelerate.framework/Versions/A/Frameworks/vecLib.framework/Versions/A/libvMisc.dylib
0x00007fff446ad000 	/System/Library/Frameworks/Accelerate.framework/Versions/A/Frameworks/vecLib.framework/Versions/A/libLAPACK.dylib
0x00007fff44523000 	/System/Library/Frameworks/Accelerate.framework/Versions/A/Frameworks/vecLib.framework/Versions/A/libBLAS.dylib
0x00007fff44a6d000 	/System/Library/Frameworks/Accelerate.framework/Versions/A/Frameworks/vecLib.framework/Versions/A/libLinearAlgebra.dylib
0x00007fff44a89000 	/System/Library/Frameworks/Accelerate.framework/Versions/A/Frameworks/vecLib.framework/Versions/A/libSparse.dylib
0x00007fff44b0a000 	/System/Library/Frameworks/Accelerate.framework/Versions/A/Frameworks/vecLib.framework/Versions/A/libSparseBLAS.dylib
0x00007fff6057b000 	/System/Library/PrivateFrameworks/GPUWrangler.framework/Versions/A/GPUWrangler
0x00007fff61d0b000 	/System/Library/PrivateFrameworks/IOAccelerator.framework/Versions/A/IOAccelerator
0x00007fff61d16000 	/System/Library/PrivateFrameworks/IOPresentment.framework/Versions/A/IOPresentment
0x00007fff5bdb3000 	/System/Library/PrivateFrameworks/DSExternalDisplay.framework/Versions/A/DSExternalDisplay
0x00007fff5148d000 	/System/Library/Frameworks/OpenGL.framework/Versions/A/Libraries/libCoreFSCache.dylib
0x00007fff496ef000 	/System/Library/Frameworks/CoreVideo.framework/Versions/A/CoreVideo
0x00007fff612f6000 	/System/Library/PrivateFrameworks/GraphVisualizer.framework/Versions/A/GraphVisualizer
0x00007fff4c497000 	/System/Library/Frameworks/MetalPerformanceShaders.framework/Versions/A/MetalPerformanceShaders
0x00007fff6d308000 	/usr/lib/libFosl_dynamic.dylib
0x00007fff5ce85000 	/System/Library/PrivateFrameworks/FaceCore.framework/Versions/A/FaceCore
0x00007fff50294000 	/System/Library/Frameworks/OpenCL.framework/Versions/A/OpenCL
0x00007fff6d909000 	/usr/lib/libcompression.dylib
0x00007fff46021000 	/System/Library/Frameworks/ApplicationServices.framework/Versions/A/Frameworks/ATS.framework/Versions/A/Resources/libFontParser.dylib
0x00007fff46144000 	/System/Library/Frameworks/ApplicationServices.framework/Versions/A/Frameworks/ATS.framework/Versions/A/Resources/libFontRegistry.dylib
0x00007fff4a635000 	/System/Library/Frameworks/ImageIO.framework/Versions/A/Resources/libJPEG.dylib
0x00007fff4a95e000 	/System/Library/Frameworks/ImageIO.framework/Versions/A/Resources/libTIFF.dylib
0x00007fff4a934000 	/System/Library/Frameworks/ImageIO.framework/Versions/A/Resources/libPng.dylib
0x00007fff4a548000 	/System/Library/Frameworks/ImageIO.framework/Versions/A/Resources/libGIF.dylib
0x00007fff4a54d000 	/System/Library/Frameworks/ImageIO.framework/Versions/A/Resources/libJP2.dylib
0x00007fff4a95b000 	/System/Library/Frameworks/ImageIO.framework/Versions/A/Resources/libRadiance.dylib
0x00007fff57e1b000 	/System/Library/PrivateFrameworks/AppleJPEG.framework/Versions/A/AppleJPEG
0x00007fff4c2fe000 	/System/Library/Frameworks/MetalPerformanceShaders.framework/Frameworks/MPSCore.framework/Versions/A/MPSCore
0x00007fff4c31a000 	/System/Library/Frameworks/MetalPerformanceShaders.framework/Frameworks/MPSImage.framework/Versions/A/MPSImage
0x00007fff4c3af000 	/System/Library/Frameworks/MetalPerformanceShaders.framework/Frameworks/MPSNeuralNetwork.framework/Versions/A/MPSNeuralNetwork
0x00007fff4c38a000 	/System/Library/Frameworks/MetalPerformanceShaders.framework/Frameworks/MPSMatrix.framework/Versions/A/MPSMatrix
0x00007fff6320b000 	/System/Library/PrivateFrameworks/MetalTools.framework/Versions/A/MetalTools
0x00007fff51657000 	/System/Library/Frameworks/OpenGL.framework/Versions/A/Libraries/libGLU.dylib
0x00007fff51498000 	/System/Library/Frameworks/OpenGL.framework/Versions/A/Libraries/libGFXShared.dylib
0x00007fff514a2000 	/System/Library/Frameworks/OpenGL.framework/Versions/A/Libraries/libGL.dylib
0x00007fff514ae000 	/System/Library/Frameworks/OpenGL.framework/Versions/A/Libraries/libGLImage.dylib
0x00007fff5148a000 	/System/Library/Frameworks/OpenGL.framework/Versions/A/Libraries/libCVMSPluginSupport.dylib
0x00007fff51493000 	/System/Library/Frameworks/OpenGL.framework/Versions/A/Libraries/libCoreVMClient.dylib
0x00007fff6e0b6000 	/usr/lib/libcups.2.dylib
0x00007fff4b866000 	/System/Library/Frameworks/Kerberos.framework/Versions/A/Kerberos
0x00007fff4a02c000 	/System/Library/Frameworks/GSS.framework/Versions/A/GSS
0x00007fff6f1b9000 	/usr/lib/libresolv.9.dylib
0x00007fff6e2b4000 	/usr/lib/libiconv.2.dylib
0x00007fff61388000 	/System/Library/PrivateFrameworks/Heimdal.framework/Versions/A/Heimdal
0x00007fff6e283000 	/usr/lib/libheimdal-asn1.dylib
0x00007fff50300000 	/System/Library/Frameworks/OpenDirectory.framework/Versions/A/OpenDirectory
0x00007fff5a12d000 	/System/Library/PrivateFrameworks/CommonAuth.framework/Versions/A/CommonAuth
0x00007fff502e3000 	/System/Library/Frameworks/OpenDirectory.framework/Versions/A/Frameworks/CFOpenDirectory.framework/Versions/A/CFOpenDirectory
0x00007fff53c15000 	/System/Library/Frameworks/SecurityFoundation.framework/Versions/A/SecurityFoundation
0x00007fff56fe7000 	/System/Library/PrivateFrameworks/APFS.framework/Versions/A/APFS
0x00007fff6f5ee000 	/usr/lib/libutil.dylib
0x00007fff57e9e000 	/System/Library/PrivateFrameworks/AppleSauce.framework/Versions/A/AppleSauce
0x00007fff624f3000 	/System/Library/PrivateFrameworks/LinguisticData.framework/Versions/A/LinguisticData
0x00007fff6e636000 	/usr/lib/libmarisa.dylib
0x00007fff624ad000 	/System/Library/PrivateFrameworks/Lexicon.framework/Versions/A/Lexicon
0x00007fff6d233000 	/usr/lib/libChineseTokenizer.dylib
0x00007fff6d8f8000 	/usr/lib/libcmph.dylib
0x00007fff623b7000 	/System/Library/PrivateFrameworks/LanguageModeling.framework/Versions/A/LanguageModeling
0x00007fff5ac39000 	/System/Library/PrivateFrameworks/CoreEmoji.framework/Versions/A/CoreEmoji
0x00007fff53cd3000 	/System/Library/Frameworks/ServiceManagement.framework/Versions/A/ServiceManagement
0x00007fff586e8000 	/System/Library/PrivateFrameworks/BackgroundTaskManagement.framework/Versions/A/BackgroundTaskManagement
0x00007fff6f6eb000 	/usr/lib/libxslt.1.dylib
0x00007fff470e1000 	/System/Library/Frameworks/Carbon.framework/Versions/A/Frameworks/Ink.framework/Versions/A/Ink
0x00007fff6b57d000 	/System/Library/PrivateFrameworks/TextureIO.framework/Versions/A/TextureIO
0x00007fff6d71d000 	/usr/lib/libate.dylib
0x00007fff5bd13000 	/System/Library/PrivateFrameworks/CrashReporterSupport.framework/Versions/A/CrashReporterSupport
0x00007fff688cf000 	/System/Library/PrivateFrameworks/Sharing.framework/Versions/A/Sharing
0x00007fff620f8000 	/System/Library/PrivateFrameworks/IconServices.framework/Versions/A/IconServices
0x00007fff57ca0000 	/System/Library/PrivateFrameworks/Apple80211.framework/Versions/A/Apple80211
0x00007fff5bb28000 	/System/Library/PrivateFrameworks/CoreUtils.framework/Versions/A/CoreUtils
0x00007fff4972a000 	/System/Library/Frameworks/CoreWLAN.framework/Versions/A/CoreWLAN
0x00007fff4a16e000 	/System/Library/Frameworks/IOBluetooth.framework/Versions/A/IOBluetooth
0x00007fff66d97000 	/System/Library/PrivateFrameworks/ProtocolBuffer.framework/Versions/A/ProtocolBuffer
0x00007fff5bcae000 	/System/Library/PrivateFrameworks/CoreWiFi.framework/Versions/A/CoreWiFi
0x00007fff4762c000 	/System/Library/Frameworks/CoreBluetooth.framework/Versions/A/CoreBluetooth
0x00007fff5befd000 	/System/Library/PrivateFrameworks/DebugSymbols.framework/Versions/A/DebugSymbols
0x00007fff5b8de000 	/System/Library/PrivateFrameworks/CoreSymbolication.framework/Versions/A/CoreSymbolication
0x00007fff6ad6e000 	/System/Library/PrivateFrameworks/Symbolication.framework/Versions/A/Symbolication
0x00007fff57cca000 	/System/Library/PrivateFrameworks/AppleFSCompression.framework/Versions/A/AppleFSCompression
0x00007fff6a1bc000 	/System/Library/PrivateFrameworks/SpeechRecognitionCore.framework/Versions/A/SpeechRecognitionCore
0x0000000106400000 	/Library/Java/JavaVirtualMachines/jdk1.8.0_181.jdk/Contents/Home/jre/lib/server/libjvm.dylib
0x00007fff6f4bb000 	/usr/lib/libstdc++.6.0.9.dylib
0x0000000105a7b000 	/Library/Java/JavaVirtualMachines/jdk1.8.0_181.jdk/Contents/Home/jre/lib/libverify.dylib
0x0000000105a89000 	/Library/Java/JavaVirtualMachines/jdk1.8.0_181.jdk/Contents/Home/jre/lib/libjava.dylib
0x0000000105ac0000 	/Library/Java/JavaVirtualMachines/jdk1.8.0_181.jdk/Contents/Home/jre/lib/libjdwp.dylib
0x0000000105b0b000 	/Library/Java/JavaVirtualMachines/jdk1.8.0_181.jdk/Contents/Home/jre/lib/libnpt.dylib
0x0000000105b0f000 	/Library/Java/JavaVirtualMachines/jdk1.8.0_181.jdk/Contents/Home/jre/lib/libinstrument.dylib
0x0000000105bad000 	/Library/Java/JavaVirtualMachines/jdk1.8.0_181.jdk/Contents/Home/jre/lib/libzip.dylib
0x000000011e713000 	/Library/Java/JavaVirtualMachines/jdk1.8.0_181.jdk/Contents/Home/jre/lib/libdt_socket.dylib

VM Arguments:
jvm_args: -agentlib:jdwp=transport=dt_socket,address=127.0.0.1:50672,suspend=y,server=n -javaagent:/Users/kshitijgupta/Library/Caches/IntelliJIdea2018.2/groovyHotSwap/gragent.jar -javaagent:/Users/kshitijgupta/Library/Caches/IntelliJIdea2018.2/captureAgent/debugger-agent.jar=file:/private/var/folders/jn/y6b149hs1298j43yfg7ggmg80000gp/T/capture.props -Dfile.encoding=UTF-8 
java_command: Main
java_class_path (initial): /Library/Java/JavaVirtualMachines/jdk1.8.0_181.jdk/Contents/Home/jre/lib/charsets.jar:/Library/Java/JavaVirtualMachines/jdk1.8.0_181.jdk/Contents/Home/jre/lib/deploy.jar:/Library/Java/JavaVirtualMachines/jdk1.8.0_181.jdk/Contents/Home/jre/lib/ext/cldrdata.jar:/Library/Java/JavaVirtualMachines/jdk1.8.0_181.jdk/Contents/Home/jre/lib/ext/dnsns.jar:/Library/Java/JavaVirtualMachines/jdk1.8.0_181.jdk/Contents/Home/jre/lib/ext/jaccess.jar:/Library/Java/JavaVirtualMachines/jdk1.8.0_181.jdk/Contents/Home/jre/lib/ext/jfxrt.jar:/Library/Java/JavaVirtualMachines/jdk1.8.0_181.jdk/Contents/Home/jre/lib/ext/localedata.jar:/Library/Java/JavaVirtualMachines/jdk1.8.0_181.jdk/Contents/Home/jre/lib/ext/nashorn.jar:/Library/Java/JavaVirtualMachines/jdk1.8.0_181.jdk/Contents/Home/jre/lib/ext/sunec.jar:/Library/Java/JavaVirtualMachines/jdk1.8.0_181.jdk/Contents/Home/jre/lib/ext/sunjce_provider.jar:/Library/Java/JavaVirtualMachines/jdk1.8.0_181.jdk/Contents/Home/jre/lib/ext/sunpkcs11.jar:/Library/Java/JavaVirtualMachines/jdk1.8.0_181.jdk/Contents/Home/jre/lib/ext/zipfs.jar:/Library/Java/JavaVirtualMachines/jdk1.8.0_181.jdk/Contents/Home/jre/lib/javaws.jar:/Library/Java/JavaVirtualMachines/jdk1.8.0_181.jdk/Contents/Home/jre/lib/jce.jar:/Library/Java/JavaVirtualMachines/jdk1.8.0_181.jdk/Contents/Home/jre/lib/jfr.jar:/Library/Java/JavaVirtualMachines/jdk1.8.0_181.jdk/Contents/Home/jre/lib/jfxswt.jar:/Library/Java/JavaVirtualMachines/jdk1.8.0_181.jdk/Contents/Home/jre/lib/jsse.jar:/Library/Java/JavaVirtualMachines/jdk1.8.0_181.jdk/Contents/Home/jre/lib/management-agent.jar:/Library/Java/JavaVirtualMachines/jdk1.8.0_181.jdk/Contents/Home/jre/lib/plugin.jar:/Library/Java/JavaVirtualMachines/jdk1.8.0_181.jdk/Contents/Home/jre/lib/resources.jar:/Library/Java/JavaVirtualMachines/jdk1.8.0_181.jdk/Contents/Home/jre/lib/rt.jar:/Library/Java/JavaVirtualMachines/jdk1.8.0_181.jdk/Contents/Home/lib/ant-javafx.jar:/Library/Java/JavaVirtualMachines/jdk1.8.0_181.jdk/Contents/Home
Launcher Type: SUN_STANDARD

Environment Variables:
PATH=/usr/local/bin:/usr/bin:/bin:/usr/sbin:/sbin
SHELL=/bin/bash

Signal Handlers:
SIGSEGV: [libjvm.dylib+0x5b6029], sa_mask[0]=11111111011111110111111111111111, sa_flags=SA_ONSTACK|SA_RESTART|SA_SIGINFO
SIGBUS: [libjvm.dylib+0x5b6029], sa_mask[0]=11111111011111110111111111111111, sa_flags=SA_RESTART|SA_SIGINFO
SIGFPE: [libjvm.dylib+0x48b934], sa_mask[0]=11111111011111110111111111111111, sa_flags=SA_RESTART|SA_SIGINFO
SIGPIPE: [libjvm.dylib+0x48b934], sa_mask[0]=11111111011111110111111111111111, sa_flags=SA_RESTART|SA_SIGINFO
SIGXFSZ: [libjvm.dylib+0x48b934], sa_mask[0]=11111111011111110111111111111111, sa_flags=SA_RESTART|SA_SIGINFO
SIGILL: [libjvm.dylib+0x48b934], sa_mask[0]=11111111011111110111111111111111, sa_flags=SA_RESTART|SA_SIGINFO
SIGUSR1: SIG_DFL, sa_mask[0]=00000000000000000000000000000000, sa_flags=none
SIGUSR2: [libjvm.dylib+0x48b452], sa_mask[0]=00100000000000000000000000000000, sa_flags=SA_RESTART|SA_SIGINFO
SIGHUP: [libjvm.dylib+0x489a1d], sa_mask[0]=11111111011111110111111111111111, sa_flags=SA_RESTART|SA_SIGINFO
SIGINT: [libjvm.dylib+0x489a1d], sa_mask[0]=11111111011111110111111111111111, sa_flags=SA_RESTART|SA_SIGINFO
SIGTERM: [libjvm.dylib+0x489a1d], sa_mask[0]=11111111011111110111111111111111, sa_flags=SA_RESTART|SA_SIGINFO
SIGQUIT: [libjvm.dylib+0x489a1d], sa_mask[0]=11111111011111110111111111111111, sa_flags=SA_RESTART|SA_SIGINFO


---------------  S Y S T E M  ---------------

OS:Bsduname:Darwin 17.6.0 Darwin Kernel Version 17.6.0: Tue May  8 15:22:16 PDT 2018; root:xnu-4570.61.1~1/RELEASE_X86_64 x86_64
rlimit: STACK 8192k, CORE 0k, NPROC 709, NOFILE 10240, AS infinity
load average:4.91 5.47 5.35

CPU:total 4 (initial active 4) (2 cores per cpu, 2 threads per core) family 6 model 142 stepping 9, cmov, cx8, fxsr, mmx, sse, sse2, sse3, ssse3, sse4.1, sse4.2, popcnt, avx, avx2, aes, clmul, erms, rtm, 3dnowpref, lzcnt, ht, tsc, tscinvbit, bmi1, bmi2, adx

Memory: 4k page, physical 8388608k(1189196k free)

/proc/meminfo:


vm_info: Java HotSpot(TM) 64-Bit Server VM (25.181-b13) for bsd-amd64 JRE (1.8.0_181-b13), built on Jul  7 2018 01:02:31 by "java_re" with gcc 4.2.1 (Based on Apple Inc. build 5658) (LLVM build 2336.11.00)

time: Sun Aug 12 20:04:17 2018
elapsed time: 1724 seconds (0d 0h 28m 44s)

